<?xml version="1.0" encoding="UTF-8"?>
<Site BuildName="(empty)"
	BuildStamp="20230731-0018-Experimental"
	Name="(empty)"
	Generator="ctest-3.18.4"
	CompilerName=""
	CompilerVersion=""
	OSName="Linux"
	Hostname="raspberrypi"
	OSRelease="6.1.21-v8+"
	OSVersion="#1642 SMP PREEMPT Mon Apr  3 17:24:16 BST 2023"
	OSPlatform="aarch64"
	Is64Bits="1"
	VendorString=""
	VendorID="Unknown Manufacturer"
	FamilyID="8"
	ModelID="0"
	ProcessorCacheSize="0"
	NumberOfLogicalCPU="4"
	NumberOfPhysicalCPU="1"
	TotalVirtualMemory="99"
	TotalPhysicalMemory="7812"
	LogicalProcessorsPerPhysical="4"
	ProcessorClockFrequency="0"
	>
	<Testing>
		<StartDateTime>Jul 30 17:18 PDT</StartDateTime>
		<StartTestTime>1690762701</StartTestTime>
		<TestList/>
		<EndDateTime>Jul 30 17:18 PDT</EndDateTime>
		<EndTestTime>1690762701</EndTestTime>
		<ElapsedMinutes>0</ElapsedMinutes>
	</Testing>
</Site>
